<?xml version="1.0" encoding="UTF-8"?>
<testsuite xmlns:xsi="http://www.w3.org/2001/XMLSchema-instance" xsi:noNamespaceSchemaLocation="https://maven.apache.org/surefire/maven-surefire-plugin/xsd/surefire-test-report-3.0.xsd" version="3.0" name="TestSuite" time="90.376" tests="2" errors="0" skipped="0" failures="0">
  <properties>
[...]
</properties>
  <testcase name="travellerLogin" classname="TourRadar.TourRadar.TestCases" time="32.467">
    <system-out><![CDATA[[Configuration] [WARN] Detected a static method [TourRadar.TourRadar.base.runCapabilities()]. Static configuration methods can cause  unexpected behavior.
[Configuration] [WARN] Detected a static method [TourRadar.TourRadar.base.tear()]. Static configuration methods can cause  unexpected behavior.
[Configuration] [WARN] Detected a static method [TourRadar.TourRadar.base.runCapabilities()]. Static configuration methods can cause  unexpected behavior.
[Configuration] [WARN] Detected a static method [TourRadar.TourRadar.base.tear()]. Static configuration methods can cause  unexpected behavior.
Running on chrome browser
<li class="autocomplete-item" data-url="d/europe" data-url-alternative="" data-type="Continent"><div>Europe</div><span>Continent</span></li><li class="autocomplete-item" data-url="d/india" data-url-alternative="" data-type="Country"><div>India</div><span>Country</span></li><li class="autocomplete-item" data-url="d/iceland" data-url-alternative="srp/d-iceland" data-type="Country"><div>Iceland</div><span>Country</span></li><li class="autocomplete-item" data-url="d/asia" data-url-alternative="" data-type="Continent"><div>Asia</div><span>Continent</span></li><li class="autocomplete-item" data-url="d/japan" data-url-alternative="" data-type="Country"><div>Japan</div><span>Country</span></li><li class="autocomplete-item" data-url="d/new-zealand" data-url-alternative="srp/d-new-zealand" data-type="Country"><div>New Zealand</div><span>Country</span></li><li class="autocomplete-item" data-url="d/morocco" data-url-alternative="" data-type="Country"><div>Morocco</div><span>Country</span></li>
Selected: India
Country
]]></system-out>
    <system-err><![CDATA[[main] INFO io.github.bonigarcia.wdm.WebDriverManager - Using chromedriver 99.0.4844.51 (resolved driver for Chrome 99)
[main] INFO io.github.bonigarcia.wdm.WebDriverManager - Exporting webdriver.chrome.driver as /Users/mounikabodicherla/.cache/selenium/chromedriver/mac64/99.0.4844.51/chromedriver
Starting ChromeDriver 99.0.4844.51 (d537ec02474b5afe23684e7963d538896c63ac77-refs/branch-heads/4844@{#875}) on port 10750
Only local connections are allowed.
Please see https://chromedriver.chromium.org/security-considerations for suggestions on keeping ChromeDriver safe.
ChromeDriver was started successfully.
Apr 04, 2022 8:02:44 AM org.openqa.selenium.remote.ProtocolHandshake createSession
INFO: Detected dialect: W3C
]]></system-err>
  </testcase>
  <testcase name="travellerLogin" classname="TourRadar.TourRadar.TestCases" time="32.318">
    <system-out><![CDATA[Running on firefox browser
<li class="autocomplete-item" data-url="d/europe" data-url-alternative="" data-type="Continent"><div>Europe</div><span>Continent</span></li><li class="autocomplete-item" data-url="d/india" data-url-alternative="" data-type="Country"><div>India</div><span>Country</span></li><li class="autocomplete-item" data-url="d/iceland" data-url-alternative="srp/d-iceland" data-type="Country"><div>Iceland</div><span>Country</span></li><li class="autocomplete-item" data-url="d/asia" data-url-alternative="" data-type="Continent"><div>Asia</div><span>Continent</span></li><li class="autocomplete-item" data-url="d/japan" data-url-alternative="" data-type="Country"><div>Japan</div><span>Country</span></li><li class="autocomplete-item" data-url="d/new-zealand" data-url-alternative="srp/d-new-zealand" data-type="Country"><div>New Zealand</div><span>Country</span></li><li class="autocomplete-item" data-url="d/morocco" data-url-alternative="" data-type="Country"><div>Morocco</div><span>Country</span></li>
Selected: India
Country
]]></system-out>
    <system-err><![CDATA[[main] INFO io.github.bonigarcia.wdm.WebDriverManager - Using geckodriver 0.30.0 (resolved driver for Firefox 93)
[main] INFO io.github.bonigarcia.wdm.WebDriverManager - Exporting webdriver.gecko.driver as /Users/mounikabodicherla/.cache/selenium/geckodriver/mac64/0.30.0/geckodriver
1649039603449	geckodriver	INFO	Listening on 127.0.0.1:30069
1649039603462	mozrunner::runner	INFO	Running command: "/Applications/Firefox.app/Contents/MacOS/firefox-bin" "--marionette" "-foreground" "-no-remote" "-profile" "/var/folders/bt/k_mm1zdn34g_4fqr321r59lw0000gp/T/rust_mozprofilewlmbFR"
1649039604040	Marionette	INFO	Marionette enabled
2022-04-04 08:03:24.782 firefox-bin[12547:719304] Warning: Expected min height of view: (<NSButton: 0x11d25f800>) to be less than or equal to 30 but got a height of 32.000000. This error will be logged once per view in violation.
2022-04-04 08:03:24.782 firefox-bin[12547:719304] Warning: Expected min height of view: (<NSButton: 0x124951400>) to be less than or equal to 30 but got a height of 32.000000. This error will be logged once per view in violation.
2022-04-04 08:03:24.783 firefox-bin[12547:719304] Warning: Expected min height of view: (<NSButton: 0x124952800>) to be less than or equal to 30 but got a height of 32.000000. This error will be logged once per view in violation.
2022-04-04 08:03:24.784 firefox-bin[12547:719304] Warning: Expected min height of view: (<NSButton: 0x124956800>) to be less than or equal to 30 but got a height of 32.000000. This error will be logged once per view in violation.
2022-04-04 08:03:24.784 firefox-bin[12547:719304] Warning: Expected min height of view: (<NSButton: 0x124951800>) to be less than or equal to 30 but got a height of 32.000000. This error will be logged once per view in violation.
2022-04-04 08:03:24.785 firefox-bin[12547:719304] Warning: Expected min height of view: (<NSPopoverTouchBarItemButton: 0x124952400>) to be less than or equal to 30 but got a height of 32.000000. This error will be logged once per view in violation.
2022-04-04 08:03:24.786 firefox-bin[12547:719304] Warning: Expected min height of view: (<NSPopoverTouchBarItemButton: 0x12499ec00>) to be less than or equal to 30 but got a height of 32.000000. This error will be logged once per view in violation.
console.warn: SearchSettings: "get: No settings file exists, new profile?" (new NotFoundError("Could not open the file at /var/folders/bt/k_mm1zdn34g_4fqr321r59lw0000gp/T/rust_mozprofilewlmbFR/search.json.mozlz4", (void 0)))
console.error: BackgroundUpdate: 
  _reasonsToNotScheduleUpdates: Failed to check for Maintenance Service Registry Key: [Exception... "Component returned failure code: 0x80004001 (NS_ERROR_NOT_IMPLEMENTED) [nsIUpdateProcessor.getServiceRegKeyExists]"  nsresult: "0x80004001 (NS_ERROR_NOT_IMPLEMENTED)"  location: "JS frame :: resource://gre/modules/BackgroundUpdate.jsm :: _reasonsToNotScheduleUpdates :: line 243"  data: no]
1649039605919	Marionette	INFO	Listening on port 56828
1649039605950	RemoteAgent	WARN	TLS certificate errors will be ignored for this session
Apr 04, 2022 8:03:25 AM org.openqa.selenium.remote.ProtocolHandshake createSession
INFO: Detected dialect: W3C
]]></system-err>
  </testcase>
</testsuite>