<?xml version="1.0" encoding="UTF-8"?>
<testng-results skipped="0" failed="0" ignored="0" total="2" passed="2">
  <reporter-output>
  </reporter-output>
  <suite name="Suite" duration-ms="79699" started-at="2022-04-04T08:02:41 IST" finished-at="2022-04-04T08:04:01 IST">
    <groups>
    </groups>
    <test name="Test on chrome" duration-ms="36660" started-at="2022-04-04T08:02:41 IST" finished-at="2022-04-04T08:03:18 IST">
      <class name="TourRadar.TourRadar.TestCases">
        <test-method status="PASS" signature="runCapabilities(java.lang.String)[pri:0, instance:TourRadar.TourRadar.TestCases@67205a84]" name="runCapabilities" is-config="true" duration-ms="4024" started-at="2022-04-04T08:02:41 IST" finished-at="2022-04-04T08:02:45 IST">
          <params>
            <param index="0">
              <value>
                <![CDATA[chrome]]>
              </value>
            </param>
          </params>
          <reporter-output>
          </reporter-output>
        </test-method> <!-- runCapabilities -->
        <test-method status="PASS" signature="travellerLogin()[pri:1, instance:TourRadar.TourRadar.TestCases@67205a84]" name="travellerLogin" duration-ms="32474" started-at="2022-04-04T08:02:45 IST" finished-at="2022-04-04T08:03:18 IST">
          <reporter-output>
          </reporter-output>
        </test-method> <!-- travellerLogin -->
        <test-method status="PASS" signature="tear()[pri:0, instance:TourRadar.TourRadar.TestCases@67205a84]" name="tear" is-config="true" duration-ms="129" started-at="2022-04-04T08:03:18 IST" finished-at="2022-04-04T08:03:18 IST">
          <reporter-output>
          </reporter-output>
        </test-method> <!-- tear -->
      </class> <!-- TourRadar.TourRadar.TestCases -->
    </test> <!-- Test on chrome -->
    <test name="Test on firefox" duration-ms="38025" started-at="2022-04-04T08:03:23 IST" finished-at="2022-04-04T08:04:01 IST">
      <class name="TourRadar.TourRadar.TestCases">
        <test-method status="PASS" signature="runCapabilities(java.lang.String)[pri:0, instance:TourRadar.TourRadar.TestCases@2a742aa2]" name="runCapabilities" is-config="true" duration-ms="5008" started-at="2022-04-04T08:03:23 IST" finished-at="2022-04-04T08:03:28 IST">
          <params>
            <param index="0">
              <value>
                <![CDATA[firefox]]>
              </value>
            </param>
          </params>
          <reporter-output>
          </reporter-output>
        </test-method> <!-- runCapabilities -->
        <test-method status="PASS" signature="travellerLogin()[pri:1, instance:TourRadar.TourRadar.TestCases@2a742aa2]" name="travellerLogin" duration-ms="32320" started-at="2022-04-04T08:03:28 IST" finished-at="2022-04-04T08:04:00 IST">
          <reporter-output>
          </reporter-output>
        </test-method> <!-- travellerLogin -->
        <test-method status="PASS" signature="tear()[pri:0, instance:TourRadar.TourRadar.TestCases@2a742aa2]" name="tear" is-config="true" duration-ms="695" started-at="2022-04-04T08:04:00 IST" finished-at="2022-04-04T08:04:01 IST">
          <reporter-output>
          </reporter-output>
        </test-method> <!-- tear -->
      </class> <!-- TourRadar.TourRadar.TestCases -->
    </test> <!-- Test on firefox -->
  </suite> <!-- Suite -->
</testng-results>
