<?xml version="1.0" encoding="UTF-8"?>
<testng-results skipped="0" failed="0" total="2" passed="2">
  <reporter-output>
  </reporter-output>
  <suite name="Suite" duration-ms="79319" started-at="2022-04-04T02:29:15Z" finished-at="2022-04-04T02:30:35Z">
    <groups>
    </groups>
    <test name="Test on chrome" duration-ms="36087" started-at="2022-04-04T02:29:15Z" finished-at="2022-04-04T02:29:51Z">
      <class name="TourRadar.TourRadar.TestCases">
        <test-method status="PASS" signature="runCapabilities(java.lang.String)[pri:0, instance:TourRadar.TourRadar.TestCases@3fee9989]" name="runCapabilities" is-config="true" duration-ms="3919" started-at="2022-04-04T07:59:15Z" finished-at="2022-04-04T07:59:19Z">
          <params>
            <param index="0">
              <value>
                <![CDATA[chrome]]>
              </value>
            </param>
          </params>
          <reporter-output>
          </reporter-output>
        </test-method> <!-- runCapabilities -->
        <test-method status="PASS" signature="travellerLogin()[pri:1, instance:TourRadar.TourRadar.TestCases@3fee9989]" name="travellerLogin" duration-ms="32029" started-at="2022-04-04T07:59:19Z" finished-at="2022-04-04T07:59:51Z">
          <reporter-output>
          </reporter-output>
        </test-method> <!-- travellerLogin -->
        <test-method status="PASS" signature="tear()[pri:0, instance:TourRadar.TourRadar.TestCases@3fee9989]" name="tear" is-config="true" duration-ms="125" started-at="2022-04-04T07:59:51Z" finished-at="2022-04-04T07:59:51Z">
          <reporter-output>
          </reporter-output>
        </test-method> <!-- tear -->
      </class> <!-- TourRadar.TourRadar.TestCases -->
    </test> <!-- Test on chrome -->
    <test name="Test on firefox" duration-ms="38223" started-at="2022-04-04T02:29:56Z" finished-at="2022-04-04T02:30:35Z">
      <class name="TourRadar.TourRadar.TestCases">
        <test-method status="PASS" signature="runCapabilities(java.lang.String)[pri:0, instance:TourRadar.TourRadar.TestCases@4b952a2d]" name="runCapabilities" is-config="true" duration-ms="4521" started-at="2022-04-04T07:59:56Z" finished-at="2022-04-04T08:00:01Z">
          <params>
            <param index="0">
              <value>
                <![CDATA[firefox]]>
              </value>
            </param>
          </params>
          <reporter-output>
          </reporter-output>
        </test-method> <!-- runCapabilities -->
        <test-method status="PASS" signature="travellerLogin()[pri:1, instance:TourRadar.TourRadar.TestCases@4b952a2d]" name="travellerLogin" duration-ms="33117" started-at="2022-04-04T08:00:01Z" finished-at="2022-04-04T08:00:34Z">
          <reporter-output>
          </reporter-output>
        </test-method> <!-- travellerLogin -->
        <test-method status="PASS" signature="tear()[pri:0, instance:TourRadar.TourRadar.TestCases@4b952a2d]" name="tear" is-config="true" duration-ms="582" started-at="2022-04-04T08:00:34Z" finished-at="2022-04-04T08:00:35Z">
          <reporter-output>
          </reporter-output>
        </test-method> <!-- tear -->
      </class> <!-- TourRadar.TourRadar.TestCases -->
    </test> <!-- Test on firefox -->
  </suite> <!-- Suite -->
</testng-results>
